<?xml version="1.0" encoding="UTF-8"?>
<!-- Generated by org.testng.reporters.JUnitReportReporter -->
<testsuite skipped="0" hostname="LAPTOP-VSG6M91L" name="org.utils.ReadExcel" tests="1" failures="0" timestamp="2020-04-02T15:13:10 IST" time="0.814" errors="0">
  <testcase name="readExcel" time="0.814" classname="org.utils.ReadExcel"/>
</testsuite> <!-- org.utils.ReadExcel -->
