<?xml version="1.0" encoding="UTF-8"?>
<!-- Generated by org.testng.reporters.JUnitReportReporter -->
<testsuite skipped="0" hostname="LAPTOP-VSG6M91L" name="org.TestCases.TC001_CreateLead" tests="1" failures="0" timestamp="2020-04-09T11:02:14 IST" time="56.393" errors="0">
  <testcase name="createLead" time="56.393" classname="org.TestCases.TC001_CreateLead"/>
</testsuite> <!-- org.TestCases.TC001_CreateLead -->
