<?xml version="1.0" encoding="UTF-8"?>
<!-- Generated by org.testng.reporters.JUnitReportReporter -->
<testsuite skipped="0" hostname="LAPTOP-VSG6M91L" name="org.PSM.SuperClass" tests="1" failures="0" timestamp="2020-04-02T15:18:44 IST" time="0.776" errors="0">
  <testcase name="getExcelData" time="0.776" classname="org.PSM.SuperClass"/>
</testsuite> <!-- org.PSM.SuperClass -->
