<?xml version="1.0" encoding="UTF-8"?>
<!-- Generated by org.testng.reporters.JUnitReportReporter -->
<testsuite skipped="0" hostname="LAPTOP-VSG6M91L" name="org.TestCases.TC003_DeleteLead" tests="1" failures="0" timestamp="2020-04-03T18:01:13 IST" time="63.181" errors="0">
  <testcase name="deleteLead" time="63.181" classname="org.TestCases.TC003_DeleteLead"/>
</testsuite> <!-- org.TestCases.TC003_DeleteLead -->
