<?xml version="1.0" encoding="UTF-8"?>
<!-- Generated by org.testng.reporters.JUnitReportReporter -->
<testsuite skipped="0" hostname="LAPTOP-VSG6M91L" name="org.TestCases.TC002_EditLead" tests="1" failures="0" timestamp="2020-04-03T17:47:14 IST" time="43.574" errors="0">
  <testcase name="editLead" time="43.574" classname="org.TestCases.TC002_EditLead"/>
</testsuite> <!-- org.TestCases.TC002_EditLead -->
