<?xml version="1.0" encoding="UTF-8"?>
<!-- Generated by org.testng.reporters.JUnitReportReporter -->
<testsuite skipped="0" hostname="LAPTOP-VSG6M91L" name="org.TestCases.TC004_MergeLead" tests="1" failures="0" timestamp="2020-04-03T18:31:28 IST" time="64.585" errors="0">
  <testcase name="mergeLead" time="64.585" classname="org.TestCases.TC004_MergeLead"/>
</testsuite> <!-- org.TestCases.TC004_MergeLead -->
