<?xml version="1.0" encoding="UTF-8"?>
<!-- Generated by org.testng.reporters.JUnitReportReporter -->
<testsuite skipped="0" hostname="LAPTOP-VSG6M91L" name="org.TestCases.TC001" tests="2" failures="0" timestamp="2020-04-02T19:38:18 IST" time="28.908" errors="0">
  <testcase name="TC001_Login" time="10.585" classname="org.TestCases.TC001"/>
  <testcase name="TC001_Login" time="18.323" classname="org.TestCases.TC001"/>
</testsuite> <!-- org.TestCases.TC001 -->
