<?xml version="1.0" encoding="UTF-8"?>
<!-- Generated by org.testng.reporters.JUnitReportReporter -->
<testsuite skipped="0" hostname="LAPTOP-VSG6M91L" name="org.TestCases.TC005_DuplicateLead" tests="1" failures="0" timestamp="2020-04-03T19:00:16 IST" time="61.069" errors="0">
  <testcase name="duplicateLead" time="61.069" classname="org.TestCases.TC005_DuplicateLead"/>
</testsuite> <!-- org.TestCases.TC005_DuplicateLead -->
